** ComfyUI startup time: 2024-04-23 23:28:36.137116
[2024-04-23 23:28] ** Platform: Windows
[2024-04-23 23:28] ** Python version: 3.10.11 (tags/v3.10.11:7d4cc5a, Apr  5 2023, 00:38:17) [MSC v.1929 64 bit (AMD64)]
[2024-04-23 23:28] ** Python executable: D:\ComfyUI\ComfyUI-aki-v1.3\python\python.exe
[2024-04-23 23:28] ** Log path: D:\ComfyUI\ComfyUI-aki-v1.3\comfyui.log
[2024-04-23 23:28] 
Prestartup times for custom nodes:
[2024-04-23 23:28]    0.0 seconds: D:\ComfyUI\ComfyUI-aki-v1.3\custom_nodes\ComfyUI-Marigold
[2024-04-23 23:28]    0.0 seconds: D:\ComfyUI\ComfyUI-aki-v1.3\custom_nodes\ComfyUI-Manager
[2024-04-23 23:28] 
[2024-04-23 23:28] Total VRAM 8192 MB, total RAM 32613 MB
[2024-04-23 23:28] xformers version: 0.0.23.post1+cu118
[2024-04-23 23:28] Set vram state to: NORMAL_VRAM
[2024-04-23 23:28] Device: cuda:0 NVIDIA GeForce RTX 3060 Ti : cudaMallocAsync
[2024-04-23 23:28] VAE dtype: torch.bfloat16
[2024-04-23 23:28] Using xformers cross attention
[2024-04-23 23:28] [AnimateDiffEvo] - [0;31mERROR[0m - No motion models found. Please download one and place in: ['D:\\ComfyUI\\ComfyUI-aki-v1.3\\custom_nodes\\ComfyUI-AnimateDiff-Evolved\\models', 'D:\\ComfyUI\\ComfyUI-aki-v1.3\\models\\animatediff_models']
[2024-04-23 23:28] [Crystools [0;32mINFO[0m] Crystools version: 1.11.0
[2024-04-23 23:28] [Crystools [0;32mINFO[0m] CPU: 12th Gen Intel(R) Core(TM) i5-12490F - Arch: AMD64 - OS: Windows 10
[2024-04-23 23:28] [Crystools [0;32mINFO[0m] GPU/s:
[2024-04-23 23:28] [Crystools [0;32mINFO[0m] 0) NVIDIA GeForce RTX 3060 Ti
[2024-04-23 23:28] [Crystools [0;32mINFO[0m] NVIDIA Driver: 536.99
[2024-04-23 23:28] ### Loading: ComfyUI-Impact-Pack (V4.83.2)
[2024-04-23 23:28] ### Loading: ComfyUI-Impact-Pack (Subpack: V0.4)
[2024-04-23 23:28] ### Loading: ComfyUI-Inspire-Pack (V0.65.6)
[2024-04-23 23:28] [Impact Pack] Wildcards loading done.
[2024-04-23 23:28] ### Loading: ComfyUI-Manager (V2.9)
[2024-04-23 23:28] ### ComfyUI Revision: 2052 [55f37baa] | Released on '2024-03-07'
[2024-04-23 23:28] [ComfyUI-Manager] default cache updated: https://gitcode.net/ranting8323/ComfyUI-Manager/-/raw/main/alter-list.json
[2024-04-23 23:28] ### Loading: Workspace Manager (V1.0.0)
[2024-04-23 23:28] ------------------------------------------
[2024-04-23 23:28] [34mComfyroll Studio v1.76 : [92m 175 Nodes Loaded[0m
[2024-04-23 23:28] ------------------------------------------
[2024-04-23 23:28] ** For changes, please see patch notes at https://github.com/Suzie1/ComfyUI_Comfyroll_CustomNodes/blob/main/Patch_Notes.md
[2024-04-23 23:28] ** For help, please see the wiki at https://github.com/Suzie1/ComfyUI_Comfyroll_CustomNodes/wiki
[2024-04-23 23:28] ------------------------------------------
[2024-04-23 23:28] [ComfyUI-Manager] default cache updated: https://gitcode.net/ranting8323/ComfyUI-Manager/-/raw/main/model-list.json
[36;20m[comfyui_controlnet_aux] | INFO -> Using ckpts path: D:\ComfyUI\ComfyUI-aki-v1.3\custom_nodes\comfyui_controlnet_aux\ckpts[0m
[2024-04-23 23:28] [36;20m[comfyui_controlnet_aux] | INFO -> Using symlinks: False[0m
[2024-04-23 23:28] [36;20m[comfyui_controlnet_aux] | INFO -> Using ort providers: ['CUDAExecutionProvider', 'DirectMLExecutionProvider', 'OpenVINOExecutionProvider', 'ROCMExecutionProvider', 'CPUExecutionProvider', 'CoreMLExecutionProvider'][0m
[2024-04-23 23:28] [ComfyUI-Manager] default cache updated: https://gitcode.net/ranting8323/ComfyUI-Manager/-/raw/main/extension-node-map.json
[2024-04-23 23:28] [ComfyUI-Manager] default cache updated: https://gitcode.net/ranting8323/ComfyUI-Manager/-/raw/main/custom-node-list.json
[2024-04-23 23:28] DWPose: Onnxruntime with acceleration providers detected
[2024-04-23 23:28] [1;35m### [START] ComfyUI AlekPet Nodes ###[0m
[2024-04-23 23:28] [92mNode -> ArgosTranslateNode [Loading][0m
[2024-04-23 23:28] [92mNode -> DeepTranslatorNode [Loading][0m
[2024-04-23 23:28] [92mNode -> ExtrasNode [Loading][0m
[2024-04-23 23:28] [92mNode -> GoogleTranslateNode [Loading][0m
[2024-04-23 23:29] [92mNode -> PainterNode [Loading][0m
[2024-04-23 23:29] [92mNode -> PoseNode [Loading][0m
[2024-04-23 23:29] [1;35m### [END] ComfyUI AlekPet Nodes ###[0m
[2024-04-23 23:29] Making the "web\extensions\FizzleDorf" folder
[2024-04-23 23:29] Update to javascripts files detected
[2024-04-23 23:29] Copying Folder here to satisfy init, eventually I'll have stuff in here..txt to extensions folder
[2024-04-23 23:29] [34mFizzleDorf Custom Nodes: [92mLoaded[0m
[2024-04-23 23:29] [36mEfficiency Nodes:[0m Attempting to add Control Net options to the 'HiRes-Fix Script' Node (comfyui_controlnet_aux add-on)...[92mSuccess![0m
[2024-04-23 23:29] Patching UNetModel.forward
[2024-04-23 23:29] UNetModel.forward has been successfully patched.
[2024-04-23 23:29] [1;32m[Power Noise Suite]: 🦚🦚🦚 [93m[3mSquaaack![0m 🦚🦚🦚
[2024-04-23 23:29] [1;32m[Power Noise Suite]:[0m Tamed [93m11[0m wild nodes.
[2024-04-23 23:29] 
Import times for custom nodes:
[2024-04-23 23:29]    0.0 seconds: D:\ComfyUI\ComfyUI-aki-v1.3\custom_nodes\AIGODLIKE-ComfyUI-Translation
[2024-04-23 23:29]    0.0 seconds: D:\ComfyUI\ComfyUI-aki-v1.3\custom_nodes\ControlNet-LLLite-ComfyUI
[2024-04-23 23:29]    0.0 seconds: D:\ComfyUI\ComfyUI-aki-v1.3\custom_nodes\FreeU_Advanced
[2024-04-23 23:29]    0.0 seconds: D:\ComfyUI\ComfyUI-aki-v1.3\custom_nodes\stability-ComfyUI-nodes
[2024-04-23 23:29]    0.0 seconds: D:\ComfyUI\ComfyUI-aki-v1.3\custom_nodes\ComfyUI_TiledKSampler
[2024-04-23 23:29]    0.0 seconds: D:\ComfyUI\ComfyUI-aki-v1.3\custom_nodes\ComfyUI-WD14-Tagger
[2024-04-23 23:29]    0.0 seconds: D:\ComfyUI\ComfyUI-aki-v1.3\custom_nodes\ComfyUI_experiments
[2024-04-23 23:29]    0.0 seconds: D:\ComfyUI\ComfyUI-aki-v1.3\custom_nodes\ComfyUI_IPAdapter_plus
[2024-04-23 23:29]    0.0 seconds: D:\ComfyUI\ComfyUI-aki-v1.3\custom_nodes\images-grid-comfy-plugin
[2024-04-23 23:29]    0.0 seconds: D:\ComfyUI\ComfyUI-aki-v1.3\custom_nodes\PowerNoiseSuite
[2024-04-23 23:29]    0.0 seconds: D:\ComfyUI\ComfyUI-aki-v1.3\custom_nodes\ComfyUI_UltimateSDUpscale
[2024-04-23 23:29]    0.0 seconds: D:\ComfyUI\ComfyUI-aki-v1.3\custom_nodes\comfyui-workspace-manager
[2024-04-23 23:29]    0.0 seconds: D:\ComfyUI\ComfyUI-aki-v1.3\custom_nodes\ComfyUI-Custom-Scripts
[2024-04-23 23:29]    0.0 seconds: D:\ComfyUI\ComfyUI-aki-v1.3\custom_nodes\Derfuu_ComfyUI_ModdedNodes
[2024-04-23 23:29]    0.0 seconds: D:\ComfyUI\ComfyUI-aki-v1.3\custom_nodes\ComfyUI-Advanced-ControlNet
[2024-04-23 23:29]    0.1 seconds: D:\ComfyUI\ComfyUI-aki-v1.3\custom_nodes\ComfyUI-AnimateDiff-Evolved
[2024-04-23 23:29]    0.1 seconds: D:\ComfyUI\ComfyUI-aki-v1.3\custom_nodes\efficiency-nodes-comfyui
[2024-04-23 23:29]    0.1 seconds: D:\ComfyUI\ComfyUI-aki-v1.3\custom_nodes\ComfyUI-Inspire-Pack
[2024-04-23 23:29]    0.1 seconds: D:\ComfyUI\ComfyUI-aki-v1.3\custom_nodes\ComfyUI_Comfyroll_CustomNodes
[2024-04-23 23:29]    0.3 seconds: D:\ComfyUI\ComfyUI-aki-v1.3\custom_nodes\ComfyUI-Marigold
[2024-04-23 23:29]    0.6 seconds: D:\ComfyUI\ComfyUI-aki-v1.3\custom_nodes\ComfyUI-Manager
[2024-04-23 23:29]    0.7 seconds: D:\ComfyUI\ComfyUI-aki-v1.3\custom_nodes\comfyui_controlnet_aux
[2024-04-23 23:29]    1.0 seconds: D:\ComfyUI\ComfyUI-aki-v1.3\custom_nodes\ComfyUI_FizzNodes
[2024-04-23 23:29]    2.4 seconds: D:\ComfyUI\ComfyUI-aki-v1.3\custom_nodes\ComfyUI-Impact-Pack
[2024-04-23 23:29]    4.7 seconds: D:\ComfyUI\ComfyUI-aki-v1.3\custom_nodes\ComfyUI-Crystools
[2024-04-23 23:29]    9.0 seconds: D:\ComfyUI\ComfyUI-aki-v1.3\custom_nodes\ComfyUI_Custom_Nodes_AlekPet
[2024-04-23 23:29] 
[2024-04-23 23:29] Starting server
[2024-04-23 23:29] 
[2024-04-23 23:29] To see the GUI go to: http://127.0.0.1:8188
[2024-04-23 23:29] FETCH DATA from: D:\ComfyUI\ComfyUI-aki-v1.3\custom_nodes\ComfyUI-Manager\extension-node-map.json
